<?xml version="1.0" encoding="UTF-8"?>
<!-- Generated by org.testng.reporters.JUnitReportReporter -->
<testsuite skipped="0" hostname="bridgeit-cd" name="bridgelabz.testcases.RegistrationTestCases" tests="1" failures="0" timestamp="2019-12-09T16:42:23 IST" time="3.460" errors="1">
  <testcase name="testRegistration" time="3.460" classname="bridgelabz.testcases.RegistrationTestCases">
    <error type="org.openqa.selenium.WebDriverException" message="chrome not reachable
  (Session info: chrome=78.0.3904.108)
Build info: version: &#039;3.141.59&#039;, revision: &#039;e82be7d358&#039;, time: &#039;2018-11-14T08:17:03&#039;
System info: host: &#039;bridgeit-cd&#039;, ip: &#039;127.0.1.1&#039;, os.name: &#039;Linux&#039;, os.arch: &#039;amd64&#039;, os.version: &#039;5.0.0-37-generic&#039;, java.version: &#039;1.8.0_222&#039;
Driver info: org.openqa.selenium.chrome.ChromeDriver
Capabilities {acceptInsecureCerts: false, browserName: chrome, browserVersion: 78.0.3904.108, chrome: {chromedriverVersion: 78.0.3904.105 (60e2d8774a81..., userDataDir: /tmp/.com.google.Chrome.dpmeix}, goog:chromeOptions: {debuggerAddress: localhost:45567}, javascriptEnabled: true, networkConnectionEnabled: false, pageLoadStrategy: normal, platform: LINUX, platformName: LINUX, proxy: Proxy(), setWindowRect: true, strictFileInteractability: false, timeouts: {implicit: 0, pageLoad: 300000, script: 30000}, unhandledPromptBehavior: dismiss and notify}
Session ID: f69608e6b7e2588e87364cc92a6ff1ea
*** Element info: {Using=css selector, value=div.css-1dbjc4n.r-13awgt0.r-12vffkv div.css-1dbjc4n.r-13awgt0.r-12vffkv div.css-1dbjc4n.r-1pi2tsx.r-13qz1uu.r-417010 main.css-1dbjc4n.r-16y2uox.r-1wbh5a2 div.css-1dbjc4n.r-150rngu.r-16y2uox.r-1wbh5a2 div.css-1dbjc4n.r-14lw9ot.r-16y2uox.r-1wbh5a2 div.css-1dbjc4n.r-1pz39u2.r-16y2uox.r-1wbh5a2 div.css-1dbjc4n.r-6koalj.r-16y2uox:nth-child(2) div.css-1dbjc4n.r-16y2uox.r-1jgb5lz.r-13qz1uu:nth-child(2) div.css-1dbjc4n.r-xx1rs6 div.css-1dbjc4n.r-mk0yit.r-1w50u8q:nth-child(2) label.css-1dbjc4n.r-1u4rsef.r-rull8r.r-wgabs5.r-1awa8pu.r-1jkafct:nth-child(1) div.css-1dbjc4n.r-18u37iz.r-16y2uox.r-1wbh5a2.r-1udh08x div.css-901oao.r-1awozwy.r-k200y.r-hkyrab.r-6koalj.r-1qd0xha.r-1b6yd1w.r-16dba41.r-ad9z0x.r-bcqeeo.r-13qz1uu.r-qvutc0 &gt; input.r-30o5oe.r-1niwhzg.r-17gur6a.r-1yadl64.r-deolkf.r-homxoj.r-poiln3.r-7cikom.r-1ny4l3l.r-1inuy60.r-utggzx.r-vmopo1.r-1w50u8q.r-1lrr6ok.r-1dz5y72.r-1ttztb7.r-13qz1uu
}">
      <![CDATA[org.openqa.selenium.WebDriverException: chrome not reachable
  (Session info: chrome=78.0.3904.108)
Build info: version: '3.141.59', revision: 'e82be7d358', time: '2018-11-14T08:17:03'
System info: host: 'bridgeit-cd', ip: '127.0.1.1', os.name: 'Linux', os.arch: 'amd64', os.version: '5.0.0-37-generic', java.version: '1.8.0_222'
Driver info: org.openqa.selenium.chrome.ChromeDriver
Capabilities {acceptInsecureCerts: false, browserName: chrome, browserVersion: 78.0.3904.108, chrome: {chromedriverVersion: 78.0.3904.105 (60e2d8774a81..., userDataDir: /tmp/.com.google.Chrome.dpmeix}, goog:chromeOptions: {debuggerAddress: localhost:45567}, javascriptEnabled: true, networkConnectionEnabled: false, pageLoadStrategy: normal, platform: LINUX, platformName: LINUX, proxy: Proxy(), setWindowRect: true, strictFileInteractability: false, timeouts: {implicit: 0, pageLoad: 300000, script: 30000}, unhandledPromptBehavior: dismiss and notify}
Session ID: f69608e6b7e2588e87364cc92a6ff1ea
*** Element info: {Using=css selector, value=div.css-1dbjc4n.r-13awgt0.r-12vffkv div.css-1dbjc4n.r-13awgt0.r-12vffkv div.css-1dbjc4n.r-1pi2tsx.r-13qz1uu.r-417010 main.css-1dbjc4n.r-16y2uox.r-1wbh5a2 div.css-1dbjc4n.r-150rngu.r-16y2uox.r-1wbh5a2 div.css-1dbjc4n.r-14lw9ot.r-16y2uox.r-1wbh5a2 div.css-1dbjc4n.r-1pz39u2.r-16y2uox.r-1wbh5a2 div.css-1dbjc4n.r-6koalj.r-16y2uox:nth-child(2) div.css-1dbjc4n.r-16y2uox.r-1jgb5lz.r-13qz1uu:nth-child(2) div.css-1dbjc4n.r-xx1rs6 div.css-1dbjc4n.r-mk0yit.r-1w50u8q:nth-child(2) label.css-1dbjc4n.r-1u4rsef.r-rull8r.r-wgabs5.r-1awa8pu.r-1jkafct:nth-child(1) div.css-1dbjc4n.r-18u37iz.r-16y2uox.r-1wbh5a2.r-1udh08x div.css-901oao.r-1awozwy.r-k200y.r-hkyrab.r-6koalj.r-1qd0xha.r-1b6yd1w.r-16dba41.r-ad9z0x.r-bcqeeo.r-13qz1uu.r-qvutc0 > input.r-30o5oe.r-1niwhzg.r-17gur6a.r-1yadl64.r-deolkf.r-homxoj.r-poiln3.r-7cikom.r-1ny4l3l.r-1inuy60.r-utggzx.r-vmopo1.r-1w50u8q.r-1lrr6ok.r-1dz5y72.r-1ttztb7.r-13qz1uu
}
at sun.reflect.NativeConstructorAccessorImpl.newInstance0(Native Method)
at sun.reflect.NativeConstructorAccessorImpl.newInstance(NativeConstructorAccessorImpl.java:62)
at sun.reflect.DelegatingConstructorAccessorImpl.newInstance(DelegatingConstructorAccessorImpl.java:45)
at java.lang.reflect.Constructor.newInstance(Constructor.java:423)
at org.openqa.selenium.remote.http.W3CHttpResponseCodec.createException(W3CHttpResponseCodec.java:187)
at org.openqa.selenium.remote.http.W3CHttpResponseCodec.decode(W3CHttpResponseCodec.java:122)
at org.openqa.selenium.remote.http.W3CHttpResponseCodec.decode(W3CHttpResponseCodec.java:49)
at org.openqa.selenium.remote.HttpCommandExecutor.execute(HttpCommandExecutor.java:158)
at org.openqa.selenium.remote.service.DriverCommandExecutor.execute(DriverCommandExecutor.java:83)
at org.openqa.selenium.remote.RemoteWebDriver.execute(RemoteWebDriver.java:552)
at org.openqa.selenium.remote.RemoteWebDriver.findElement(RemoteWebDriver.java:323)
at org.openqa.selenium.remote.RemoteWebDriver.findElementByCssSelector(RemoteWebDriver.java:420)
at org.openqa.selenium.By$ByCssSelector.findElement(By.java:431)
at org.openqa.selenium.remote.RemoteWebDriver.findElement(RemoteWebDriver.java:315)
at org.openqa.selenium.support.pagefactory.DefaultElementLocator.findElement(DefaultElementLocator.java:69)
at org.openqa.selenium.support.pagefactory.internal.LocatingElementHandler.invoke(LocatingElementHandler.java:38)
at com.sun.proxy.$Proxy8.sendKeys(Unknown Source)
at bridgelabz.pageobjects.RegistrationPage.setUserName(RegistrationPage.java:38)
at bridgelabz.testcases.RegistrationTestCases.testRegistration(RegistrationTestCases.java:17)
at sun.reflect.NativeMethodAccessorImpl.invoke0(Native Method)
at sun.reflect.NativeMethodAccessorImpl.invoke(NativeMethodAccessorImpl.java:62)
at sun.reflect.DelegatingMethodAccessorImpl.invoke(DelegatingMethodAccessorImpl.java:43)
at java.lang.reflect.Method.invoke(Method.java:498)
at org.testng.internal.MethodInvocationHelper.invokeMethod(MethodInvocationHelper.java:133)
at org.testng.internal.TestInvoker.invokeMethod(TestInvoker.java:584)
at org.testng.internal.TestInvoker.invokeTestMethod(TestInvoker.java:172)
at org.testng.internal.MethodRunner.runInSequence(MethodRunner.java:46)
at org.testng.internal.TestInvoker$MethodInvocationAgent.invoke(TestInvoker.java:804)
at org.testng.internal.TestInvoker.invokeTestMethods(TestInvoker.java:145)
at org.testng.internal.TestMethodWorker.invokeTestMethods(TestMethodWorker.java:146)
at org.testng.internal.TestMethodWorker.run(TestMethodWorker.java:128)
at java.util.ArrayList.forEach(ArrayList.java:1257)
at org.testng.TestRunner.privateRun(TestRunner.java:770)
at org.testng.TestRunner.run(TestRunner.java:591)
at org.testng.SuiteRunner.runTest(SuiteRunner.java:402)
at org.testng.SuiteRunner.runSequentially(SuiteRunner.java:396)
at org.testng.SuiteRunner.privateRun(SuiteRunner.java:355)
at org.testng.SuiteRunner.run(SuiteRunner.java:304)
at org.testng.SuiteRunnerWorker.runSuite(SuiteRunnerWorker.java:53)
at org.testng.SuiteRunnerWorker.run(SuiteRunnerWorker.java:96)
at org.testng.TestNG.runSuitesSequentially(TestNG.java:1180)
at org.testng.TestNG.runSuitesLocally(TestNG.java:1102)
at org.testng.TestNG.runSuites(TestNG.java:1032)
at org.testng.TestNG.run(TestNG.java:1000)
at org.testng.remote.AbstractRemoteTestNG.run(AbstractRemoteTestNG.java:115)
at org.testng.remote.RemoteTestNG.initAndRun(RemoteTestNG.java:251)
at org.testng.remote.RemoteTestNG.main(RemoteTestNG.java:77)
]]>
    </error>
  </testcase> <!-- testRegistration -->
</testsuite> <!-- bridgelabz.testcases.RegistrationTestCases -->
